<?xml version="1.0" encoding="UTF-8"?>
<!-- Generated by org.testng.reporters.JUnitXMLReporter -->
<testsuite ignored="1" hostname="yaminis-Air.domain.name" failures="0" tests="2" name="Test" time="27.644" errors="0" timestamp="2026-01-23T16:21:46 IST">
  <testcase classname="campaign.CampaignTest" name="createCampaignWithExpectedDateTest" time="5.803"/>
  <testcase classname="campaign.CampaignTest" name="createCampaignWithMandatoryFieldTest" time="6.015"/>
  <testcase classname="campaign.CampaignTest" name="createCampainWithStatusTest" time="0.0">
    <ignored/>
  </testcase> <!-- createCampainWithStatusTest -->
</testsuite> <!-- Test -->
