<?xml version="1.0" encoding="UTF-8"?>
<testng-results ignored="0" total="1" passed="1" failed="0" skipped="0">
  <reporter-output>
  </reporter-output>
  <suite started-at="2026-01-28T16:48:27 IST" name="Default suite" finished-at="2026-01-28T16:48:31 IST" duration-ms="4194">
    <groups>
    </groups>
    <test started-at="2026-01-28T16:48:27 IST" name="Default test" finished-at="2026-01-28T16:48:31 IST" duration-ms="4194">
      <class name="TestNG.screenshotOfLoginPage">
        <test-method signature="sample()[pri:0, instance:TestNG.screenshotOfLoginPage@222545dc]" started-at="2026-01-28T16:48:27 IST" name="sample" finished-at="2026-01-28T16:48:31 IST" duration-ms="4154" status="PASS">
          <reporter-output>
          </reporter-output>
        </test-method> <!-- sample -->
      </class> <!-- TestNG.screenshotOfLoginPage -->
    </test> <!-- Default test -->
  </suite> <!-- Default suite -->
</testng-results>
