<?xml version="1.0" encoding="UTF-8"?>
<!-- Generated by org.testng.reporters.JUnitReportReporter -->
<testsuite hostname="yaminis-MacBook-Air.local" failures="0" tests="5" name="TestNG.Enabled" time="0.005" errors="0" timestamp="2026-01-14T17:08:55 IST" skipped="2">
  <testcase classname="TestNG.Enabled" name="meena" time="0.000">
    <system-out>
      <![CDATA[hello meena]]>
    </system-out>
  </testcase> <!-- meena -->
  <testcase classname="TestNG.Enabled" name="seshupriya" time="0.001">
    <system-out>
      <![CDATA[hello seshupriya]]>
    </system-out>
  </testcase> <!-- seshupriya -->
  <testcase classname="TestNG.Enabled" name="Abhijeet" time="0.004">
    <system-out>
      <![CDATA[hello Abhijeet]]>
    </system-out>
  </testcase> <!-- Abhijeet -->
  <testcase classname="TestNG.Enabled" name="Afrin">
    <skipped/>
  </testcase> <!-- Afrin -->
  <testcase classname="TestNG.Enabled" name="Ruksar">
    <skipped/>
  </testcase> <!-- Ruksar -->
  <system-out>
    <![CDATA[hello Abhijeet
hello meena
hello seshupriya]]>
  </system-out>
</testsuite> <!-- TestNG.Enabled -->
