<?xml version="1.0" encoding="UTF-8"?>
<!-- Generated by org.testng.reporters.JUnitReportReporter -->
<testsuite hostname="yaminis-MacBook-Air.local" failures="0" tests="5" name="TestNG.invocationCount" time="10.444" errors="0" timestamp="2026-01-14T16:58:23 IST" skipped="0">
  <testcase classname="TestNG.invocationCount" name="sample" time="1.963"/>
  <testcase classname="TestNG.invocationCount" name="sample" time="1.925"/>
  <testcase classname="TestNG.invocationCount" name="sample" time="1.941"/>
  <testcase classname="TestNG.invocationCount" name="sample" time="2.011"/>
  <testcase classname="TestNG.invocationCount" name="sample" time="2.604"/>
</testsuite> <!-- TestNG.invocationCount -->
