<?xml version="1.0" encoding="UTF-8"?>
<!-- Generated by org.testng.reporters.JUnitReportReporter -->
<testsuite hostname="yaminis-MacBook-Air.local" failures="0" tests="1" name="campaign.CampaignTest" time="7.642" errors="0" timestamp="2026-01-28T14:29:01 IST" skipped="0">
  <testcase classname="campaign.CampaignTest" name="createCampaignWithExpectedDateTest" time="7.642"/>
  <system-out>
    <![CDATA[Datebase connectivity--beforesuite
Parallel--beforetest
Parallel--aftertest
closing Datebase connectivity--beforesuite]]>
  </system-out>
</testsuite> <!-- campaign.CampaignTest -->
