<?xml version="1.0" encoding="UTF-8"?>
<!-- Generated by org.testng.reporters.JUnitReportReporter -->
<testsuite hostname="yaminis-MacBook-Air.local" failures="0" tests="4" name="TestNG.Program1" time="0.010" errors="0" timestamp="2026-01-13T17:04:31 IST" skipped="0">
  <testcase classname="TestNG.Program1" name="instamart" time="0.004">
    <system-out>
      <![CDATA[Hello instamart]]>
    </system-out>
  </testcase> <!-- instamart -->
  <testcase classname="TestNG.Program1" name="blinkit" time="0.000">
    <system-out>
      <![CDATA[Hello blinkit]]>
    </system-out>
  </testcase> <!-- blinkit -->
  <testcase classname="TestNG.Program1" name="zepto" time="0.000">
    <system-out>
      <![CDATA[Hello zepto]]>
    </system-out>
  </testcase> <!-- zepto -->
  <testcase classname="TestNG.Program1" name="amazon" time="0.006">
    <system-out>
      <![CDATA[Hello amazon]]>
    </system-out>
  </testcase> <!-- amazon -->
  <system-out>
    <![CDATA[Hello amazon
Hello blinkit
Hello instamart
Hello zepto]]>
  </system-out>
</testsuite> <!-- TestNG.Program1 -->
