<?xml version="1.0" encoding="UTF-8"?>
<!-- Generated by org.testng.reporters.JUnitReportReporter -->
<testsuite hostname="yaminis-MacBook-Air.local" failures="0" tests="6" name="TestNG.threadPoolSize" time="17.212" errors="0" timestamp="2026-01-14T17:05:10 IST" skipped="0">
  <testcase classname="TestNG.threadPoolSize" name="sample" time="2.196"/>
  <testcase classname="TestNG.threadPoolSize" name="sample" time="2.422"/>
  <testcase classname="TestNG.threadPoolSize" name="sample" time="3.346"/>
  <testcase classname="TestNG.threadPoolSize" name="sample" time="4.962"/>
  <testcase classname="TestNG.threadPoolSize" name="sample" time="2.147"/>
  <testcase classname="TestNG.threadPoolSize" name="sample" time="2.139"/>
</testsuite> <!-- TestNG.threadPoolSize -->
