<?xml version="1.0" encoding="UTF-8"?>
<!-- Generated by org.testng.reporters.JUnitReportReporter -->
<testsuite hostname="yaminis-MacBook-Air.local" failures="0" tests="1" name="product.ProductTest" time="9.730" errors="0" timestamp="2026-01-28T14:33:50 IST" skipped="0">
  <testcase classname="product.ProductTest" name="createProductTest" time="9.730"/>
  <system-out>
    <![CDATA[Datebase connectivity--beforesuite
Parallel--beforetest
Parallel--aftertest
closing Datebase connectivity--beforesuite]]>
  </system-out>
</testsuite> <!-- product.ProductTest -->
