<?xml version="1.0" encoding="UTF-8"?>
<!-- Generated by org.testng.reporters.JUnitReportReporter -->
<testsuite hostname="yaminis-MacBook-Air.local" failures="0" tests="7" name="TestNG.Program2" time="0.010" errors="0" timestamp="2026-01-13T17:09:30 IST" skipped="0">
  <testcase classname="TestNG.Program2" name="A1" time="0.007">
    <system-out>
      <![CDATA[A1 executed]]>
    </system-out>
  </testcase> <!-- A1 -->
  <testcase classname="TestNG.Program2" name="AB" time="0.000">
    <system-out>
      <![CDATA[AB executed]]>
    </system-out>
  </testcase> <!-- AB -->
  <testcase classname="TestNG.Program2" name="a1" time="0.000">
    <system-out>
      <![CDATA[a1 executed]]>
    </system-out>
  </testcase> <!-- a1 -->
  <testcase classname="TestNG.Program2" name="ab" time="0.000">
    <system-out>
      <![CDATA[ab executed]]>
    </system-out>
  </testcase> <!-- ab -->
  <testcase classname="TestNG.Program2" name="a11" time="0.001">
    <system-out>
      <![CDATA[a11 executed]]>
    </system-out>
  </testcase> <!-- a11 -->
  <testcase classname="TestNG.Program2" name="aa1" time="0.001">
    <system-out>
      <![CDATA[aa1 executed]]>
    </system-out>
  </testcase> <!-- aa1 -->
  <testcase classname="TestNG.Program2" name="AA1" time="0.001">
    <system-out>
      <![CDATA[AA1 executed]]>
    </system-out>
  </testcase> <!-- AA1 -->
  <system-out>
    <![CDATA[A1 executed
AA1 executed
AB executed
a1 executed
a11 executed
aa1 executed
ab executed]]>
  </system-out>
</testsuite> <!-- TestNG.Program2 -->
