<?xml version="1.0" encoding="UTF-8"?>
<!-- Generated by org.testng.reporters.JUnitReportReporter -->
<testsuite hostname="yaminis-Air.domain.name" failures="0" tests="2" name="TestNG.Configuration" time="0.005" errors="0" timestamp="2026-01-20T16:46:00 IST" skipped="0">
  <testcase classname="TestNG.Configuration" name="testcase" time="0.004">
    <system-out>
      <![CDATA[hello]]>
    </system-out>
  </testcase> <!-- testcase -->
  <testcase classname="TestNG.Configuration" name="testcase1" time="0.001">
    <system-out>
      <![CDATA[hello11]]>
    </system-out>
  </testcase> <!-- testcase1 -->
  <system-out>
    <![CDATA[Datebase connectivity--beforesuite
Parallel--beforetest
Launching the browser--beforeclass
Login into the app--beforemethod
hello
Logout the app--aftermethod
Login into the app--beforemethod
hello11
Logout the app--aftermethod
Parallel--aftertest
closing the browser--afterclass
closing Datebase connectivity--beforesuite]]>
  </system-out>
</testsuite> <!-- TestNG.Configuration -->
