<?xml version="1.0" encoding="UTF-8"?>
<!-- Generated by org.testng.reporters.JUnitReportReporter -->
<testsuite hostname="yaminis-MacBook-Air.local" failures="0" tests="3" name="TestNG.DependsOn" time="0.004" errors="0" timestamp="2026-01-14T17:11:49 IST" skipped="0">
  <testcase classname="TestNG.DependsOn" name="updateAccount" time="0.000">
    <system-out>
      <![CDATA[account is updated]]>
    </system-out>
  </testcase> <!-- updateAccount -->
  <testcase classname="TestNG.DependsOn" name="createAccount" time="0.004">
    <system-out>
      <![CDATA[account is created]]>
    </system-out>
  </testcase> <!-- createAccount -->
  <testcase classname="TestNG.DependsOn" name="deleteAccount" time="0.000">
    <system-out>
      <![CDATA[account is deleted]]>
    </system-out>
  </testcase> <!-- deleteAccount -->
  <system-out>
    <![CDATA[account is created
account is updated
account is deleted]]>
  </system-out>
</testsuite> <!-- TestNG.DependsOn -->
