<?xml version="1.0" encoding="UTF-8"?>
<!-- Generated by org.testng.reporters.JUnitReportReporter -->
<testsuite hostname="yaminis-Air.domain.name" failures="0" tests="3" name="TestNG.DataProviderWithExcel" time="12.608" errors="0" timestamp="2026-01-19T16:09:31 IST" skipped="0">
  <testcase classname="TestNG.DataProviderWithExcel" name="sample" time="4.290"/>
  <testcase classname="TestNG.DataProviderWithExcel" name="sample" time="4.141"/>
  <testcase classname="TestNG.DataProviderWithExcel" name="sample" time="4.177"/>
</testsuite> <!-- TestNG.DataProviderWithExcel -->
