<?xml version="1.0" encoding="UTF-8"?>
<!-- Generated by org.testng.reporters.JUnitReportReporter -->
<testsuite hostname="yaminis-Air.domain.name" failures="0" tests="3" name="TestNG.DataProviderProgram" time="12.844" errors="0" timestamp="2026-01-19T16:09:04 IST" skipped="0">
  <testcase classname="TestNG.DataProviderProgram" name="sample" time="4.139"/>
  <testcase classname="TestNG.DataProviderProgram" name="sample" time="4.401"/>
  <testcase classname="TestNG.DataProviderProgram" name="sample" time="4.304"/>
</testsuite> <!-- TestNG.DataProviderProgram -->
